<?xml version="1.0" encoding="UTF-8"?>
<!-- Generated by org.testng.reporters.JUnitXMLReporter -->
<testsuite ignored="1" hostname="DESKTOP-82VC511" failures="0" tests="1" name="NegativeUsernameTests" time="15.505" errors="0" timestamp="2024-08-08T18:10:39 MST">
  <testcase classname="com.herokuapp.theinternet.LoginTests" name="negativeLoginTest" time="8.321"/>
  <testcase classname="com.herokuapp.theinternet.LoginTests" name="positiveLoginTest" time="0.0">
    <ignored/>
  </testcase> <!-- positiveLoginTest -->
</testsuite> <!-- NegativeUsernameTests -->
