<?xml version="1.0" encoding="UTF-8"?>
<!-- Generated by org.testng.reporters.JUnitXMLReporter -->
<testsuite ignored="1" hostname="DESKTOP-82VC511" failures="0" tests="1" name="NegativeTests" time="14.661" errors="0" timestamp="2024-08-06T18:24:58 MST">
  <testcase classname="com.herokuapp.theinternet.NegativeTests" name="incorrectUserNameTest" time="14.527"/>
  <testcase classname="com.herokuapp.theinternet.NegativeTests" name="incorrectPasswordTest" time="0.0">
    <ignored/>
  </testcase> <!-- incorrectPasswordTest -->
</testsuite> <!-- NegativeTests -->
