<?xml version="1.0" encoding="UTF-8"?>
<!-- Generated by org.testng.reporters.JUnitXMLReporter -->
<testsuite ignored="1" hostname="DESKTOP-82VC511" failures="0" tests="1" name="PositiveTests" time="14.47" errors="0" timestamp="2024-08-08T18:10:23 MST">
  <testcase classname="com.herokuapp.theinternet.LoginTests" name="positiveLoginTest" time="6.324"/>
  <testcase classname="com.herokuapp.theinternet.LoginTests" name="negativeLoginTest" time="0.0">
    <ignored/>
  </testcase> <!-- negativeLoginTest -->
</testsuite> <!-- PositiveTests -->
