<?xml version="1.0" encoding="UTF-8"?>
<!-- Generated by org.testng.reporters.JUnitXMLReporter -->
<testsuite ignored="4" hostname="DESKTOP-82VC511" failures="0" tests="1" name="ExceptionsTest" time="9.821" errors="0" timestamp="2024-08-15T13:34:26 MST">
  <testcase classname="com.herokuapp.theinternet.ExceptionsTests" name="TimeoutException" time="6.654"/>
  <testcase classname="com.herokuapp.theinternet.ExceptionsTests" name="staleElementReferenceException" time="0.0">
    <ignored/>
  </testcase> <!-- staleElementReferenceException -->
  <testcase classname="com.herokuapp.theinternet.ExceptionsTests" name="invalidElementStateException" time="0.0">
    <ignored/>
  </testcase> <!-- invalidElementStateException -->
  <testcase classname="com.herokuapp.theinternet.ExceptionsTests" name="noSuchElementExceptionTest" time="0.0">
    <ignored/>
  </testcase> <!-- noSuchElementExceptionTest -->
  <testcase classname="com.herokuapp.theinternet.ExceptionsTests" name="ElementNotInteractableException" time="0.0">
    <ignored/>
  </testcase> <!-- ElementNotInteractableException -->
</testsuite> <!-- ExceptionsTest -->
