<?xml version="1.0" encoding="UTF-8"?>
<testng-results ignored="0" total="1" passed="1" failed="0" skipped="0">
  <reporter-output>
  </reporter-output>
  <suite started-at="2024-08-02T19:34:22 MST" name="Surefire suite" finished-at="2024-08-02T19:34:39 MST" duration-ms="16460">
    <groups>
    </groups>
    <test started-at="2024-08-02T19:34:22 MST" name="Surefire test" finished-at="2024-08-02T19:34:39 MST" duration-ms="16460">
      <class name="com.herokuapp.theinternet.PositiveTests">
        <test-method signature="loginTest()[pri:0, instance:com.herokuapp.theinternet.PositiveTests@78e94dcf]" started-at="2024-08-02T19:34:22 MST" name="loginTest" finished-at="2024-08-02T19:34:39 MST" duration-ms="16397" status="PASS">
          <reporter-output>
          </reporter-output>
        </test-method> <!-- loginTest -->
      </class> <!-- com.herokuapp.theinternet.PositiveTests -->
    </test> <!-- Surefire test -->
  </suite> <!-- Surefire suite -->
</testng-results>
