<!DOCTYPE html>

<html>
  <head>
  <meta charset='utf-8'>
  <title>TestNG reports</title>

    <link type="text/css" href="testng-reports1.css" rel="stylesheet" id="ultra" />
    <link type="text/css" href="testng-reports.css" rel="stylesheet" id="retro" disabled="false"/>
    <script type="text/javascript" src="jquery-3.6.0.min.js"></script>
    <script type="text/javascript" src="testng-reports.js"></script>
    <script type="text/javascript" src="https://www.google.com/jsapi"></script>
    <script type='text/javascript'>
      google.load('visualization', '1', {packages:['table']});
      google.setOnLoadCallback(drawTable);
      var suiteTableInitFunctions = new Array();
      var suiteTableData = new Array();
    </script>
    <!--
      <script type="text/javascript" src="jquery-ui/js/jquery-ui-1.8.16.custom.min.js"></script>
     -->
  </head>

  <body>    <div class="top-banner-root">
      <span class="top-banner-title-font">Test results</span>
      <button id="button" class="button">Switch Retro Theme</button> <!-- button -->
      <br/>
      <span class="top-banner-font-1">1 suite</span>
    </div> <!-- top-banner-root -->
    <div class="navigator-root">
      <div class="navigator-suite-header">
        <span>All suites</span>
        <a href="#" title="Collapse/expand all the suites" class="collapse-all-link">
          <img src="collapseall.gif" class="collapse-all-icon">
          </img> <!-- collapse-all-icon -->
        </a> <!-- collapse-all-link -->
      </div> <!-- navigator-suite-header -->
      <div class="suite">
        <div class="rounded-window">
          <div class="suite-header light-rounded-window-top">
            <a href="#" panel-name="suite-NegativeLogInTestSuite" class="navigator-link">
              <span class="suite-name border-skipped">NegativeLogInTestSuite</span>
            </a> <!-- navigator-link -->
          </div> <!-- suite-header light-rounded-window-top -->
          <div class="navigator-suite-content">
            <div class="suite-section-title">
              <span>Info</span>
            </div> <!-- suite-section-title -->
            <div class="suite-section-content">
              <ul>
                <li>
                  <a href="#" panel-name="test-xml-NegativeLogInTestSuite" class="navigator-link ">
                    <span>C:\Users\danie\eclipse-workspace\advanced-selenium-webdrive\src\test\resources\TestSuites\NegativeTests.xml</span>
                  </a> <!-- navigator-link  -->
                </li>
                <li>
                  <a href="#" panel-name="testlist-NegativeLogInTestSuite" class="navigator-link ">
                    <span class="test-stats">4 tests</span>
                  </a> <!-- navigator-link  -->
                </li>
                <li>
                  <a href="#" panel-name="group-NegativeLogInTestSuite" class="navigator-link ">
                    <span>2 groups</span>
                  </a> <!-- navigator-link  -->
                </li>
                <li>
                  <a href="#" panel-name="times-NegativeLogInTestSuite" class="navigator-link ">
                    <span>Times</span>
                  </a> <!-- navigator-link  -->
                </li>
                <li>
                  <a href="#" panel-name="reporter-NegativeLogInTestSuite" class="navigator-link ">
                    <span>Reporter output</span>
                  </a> <!-- navigator-link  -->
                </li>
                <li>
                  <a href="#" panel-name="ignored-methods-NegativeLogInTestSuite" class="navigator-link ">
                    <span>Ignored methods</span>
                  </a> <!-- navigator-link  -->
                </li>
                <li>
                  <a href="#" panel-name="chronological-NegativeLogInTestSuite" class="navigator-link ">
                    <span>Chronological view</span>
                  </a> <!-- navigator-link  -->
                </li>
              </ul>
            </div> <!-- suite-section-content -->
            <div class="result-section">
              <div class="suite-section-title">
                <span>Results</span>
              </div> <!-- suite-section-title -->
              <div class="suite-section-content">
                <ul>
                  <li>
                    <span class="method-stats">4 methods,  2 skipped,  2 passed</span>
                  </li>
                  <li>
                    <span class="method-list-title skipped">Skipped methods</span>
                    <span class="show-or-hide-methods skipped">
                      <a href="#" panel-name="suite-NegativeLogInTestSuite" class="hide-methods skipped suite-NegativeLogInTestSuite"> (hide)</a> <!-- hide-methods skipped suite-NegativeLogInTestSuite -->
                      <a href="#" panel-name="suite-NegativeLogInTestSuite" class="show-methods skipped suite-NegativeLogInTestSuite"> (show)</a> <!-- show-methods skipped suite-NegativeLogInTestSuite -->
                    </span>
                    <div class="method-list-content skipped suite-NegativeLogInTestSuite">
                      <span>
                        <img src="skipped.png" width="3%"/>
                        <a href="#" panel-name="suite-NegativeLogInTestSuite" title="com.herokuapp.theinternet.loginpagetests.NegativeLogInTests" class="method navigator-link" hash-for-method="negativeLoginTest(incorrectUsername, SuperSecretPassword!, Your username is invalid!)">negativeLoginTest(incorrectUsername, SuperSecretPassword!, Your username is invalid!)</a> <!-- method navigator-link -->
                      </span>
                      <br/>
                      <span>
                        <img src="skipped.png" width="3%"/>
                        <a href="#" panel-name="suite-NegativeLogInTestSuite" title="com.herokuapp.theinternet.loginpagetests.NegativeLogInTests" class="method navigator-link" hash-for-method="negativeLoginTest(tomsmith, incorrectPassword, Your password is invalid!)">negativeLoginTest(tomsmith, incorrectPassword, Your password is invalid!)</a> <!-- method navigator-link -->
                      </span>
                      <br/>
                    </div> <!-- method-list-content skipped suite-NegativeLogInTestSuite -->
                  </li>
                  <li>
                    <span class="method-list-title passed">Passed methods</span>
                    <span class="show-or-hide-methods passed">
                      <a href="#" panel-name="suite-NegativeLogInTestSuite" class="hide-methods passed suite-NegativeLogInTestSuite"> (hide)</a> <!-- hide-methods passed suite-NegativeLogInTestSuite -->
                      <a href="#" panel-name="suite-NegativeLogInTestSuite" class="show-methods passed suite-NegativeLogInTestSuite"> (show)</a> <!-- show-methods passed suite-NegativeLogInTestSuite -->
                    </span>
                    <div class="method-list-content passed suite-NegativeLogInTestSuite">
                      <span>
                        <img src="passed.png" width="3%"/>
                        <a href="#" panel-name="suite-NegativeLogInTestSuite" title="com.herokuapp.theinternet.loginpagetests.NegativeLogInTests" class="method navigator-link" hash-for-method="negativeLoginTest(tomsmith, incorrectPassword, Your password is invalid!)">negativeLoginTest(tomsmith, incorrectPassword, Your password is invalid!)</a> <!-- method navigator-link -->
                      </span>
                      <br/>
                      <span>
                        <img src="passed.png" width="3%"/>
                        <a href="#" panel-name="suite-NegativeLogInTestSuite" title="com.herokuapp.theinternet.loginpagetests.NegativeLogInTests" class="method navigator-link" hash-for-method="negativeLoginTest(incorrectUsername, SuperSecretPassword!, Your username is invalid!)">negativeLoginTest(incorrectUsername, SuperSecretPassword!, Your username is invalid!)</a> <!-- method navigator-link -->
                      </span>
                      <br/>
                    </div> <!-- method-list-content passed suite-NegativeLogInTestSuite -->
                  </li>
                </ul>
              </div> <!-- suite-section-content -->
            </div> <!-- result-section -->
          </div> <!-- navigator-suite-content -->
        </div> <!-- rounded-window -->
      </div> <!-- suite -->
    </div> <!-- navigator-root -->
    <div class="wrapper">
      <div class="main-panel-root">
        <div panel-name="suite-NegativeLogInTestSuite" class="panel NegativeLogInTestSuite">
          <div class="suite-NegativeLogInTestSuite-class-skipped">
            <div class="main-panel-header rounded-window-top">
              <img src="skipped.png"/>
              <span class="class-name">com.herokuapp.theinternet.loginpagetests.NegativeLogInTests</span>
            </div> <!-- main-panel-header rounded-window-top -->
            <div class="main-panel-content rounded-window-bottom">
              <div class="method">
                <div class="method-content">
                  <a name="negativeLoginTest(incorrectUsername, SuperSecretPassword!, Your username is invalid!)">
                  </a> <!-- negativeLoginTest(incorrectUsername, SuperSecretPassword!, Your username is invalid!) -->
                  <span class="method-name">negativeLoginTest</span>
                  <span class="parameters">(incorrectUsername,SuperSecretPassword!,Your username is invalid!)</span>
                  <div class="stack-trace">org.openqa.selenium.SessionNotCreatedException: Could not start a new session. Possible causes are invalid address of the remote server or browser start-up failure. 
Host info: host: &apos;DESKTOP-82VC511&apos;, ip: &apos;192.168.170.1&apos;
Build info: version: &apos;4.23.0&apos;, revision: &apos;4df0a231af&apos;
System info: os.name: &apos;Windows 10&apos;, os.arch: &apos;amd64&apos;, os.version: &apos;10.0&apos;, java.version: &apos;22.0.1&apos;
Driver info: org.openqa.selenium.firefox.FirefoxDriver
Command: [null, newSession {capabilities=[Capabilities {acceptInsecureCerts: true, browserName: firefox, moz:debuggerAddress: true, moz:firefoxOptions: {prefs: {remote.active-protocols: 3}}}]}]
	at org.openqa.selenium.remote.RemoteWebDriver.execute(RemoteWebDriver.java:545)
	at org.openqa.selenium.remote.RemoteWebDriver.startSession(RemoteWebDriver.java:234)
	at org.openqa.selenium.remote.RemoteWebDriver.&lt;init&gt;(RemoteWebDriver.java:163)
	at org.openqa.selenium.firefox.FirefoxDriver.&lt;init&gt;(FirefoxDriver.java:155)
	at org.openqa.selenium.firefox.FirefoxDriver.&lt;init&gt;(FirefoxDriver.java:150)
	at org.openqa.selenium.firefox.FirefoxDriver.&lt;init&gt;(FirefoxDriver.java:132)
	at org.openqa.selenium.firefox.FirefoxDriver.&lt;init&gt;(FirefoxDriver.java:127)
	at org.openqa.selenium.firefox.FirefoxDriver.&lt;init&gt;(FirefoxDriver.java:112)
	at org.openqa.selenium.firefox.FirefoxDriver.&lt;init&gt;(FirefoxDriver.java:102)
	at com.herokuapp.theinternet.base.BrowserDriverFactory.createDriver(BrowserDriverFactory.java:28)
	at com.herokuapp.theinternet.base.BaseTest.setUp(BaseTest.java:24)
	at java.base/java.util.ArrayList.forEach(ArrayList.java:1597)
	at java.base/java.util.concurrent.FutureTask.run(FutureTask.java:317)
	at java.base/java.util.concurrent.ThreadPoolExecutor.runWorker(ThreadPoolExecutor.java:1144)
	at java.base/java.util.concurrent.ThreadPoolExecutor$Worker.run(ThreadPoolExecutor.java:642)
	at java.base/java.lang.Thread.run(Thread.java:1570)
Caused by: java.io.UncheckedIOException: java.io.IOException: Cannot run program &quot;src/main/resources/geckodriver.exe&quot;: CreateProcess error=216, This version of %1 is not compatible with the version of Windows you&apos;re running. Check your computer&apos;s system information and then contact the software publisher
	at org.openqa.selenium.os.ExternalProcess$Builder.start(ExternalProcess.java:194)
	at org.openqa.selenium.remote.service.DriverService.start(DriverService.java:207)
	at org.openqa.selenium.remote.service.DriverCommandExecutor.execute(DriverCommandExecutor.java:117)
	at org.openqa.selenium.remote.RemoteWebDriver.execute(RemoteWebDriver.java:527)
	... 34 more
Caused by: java.io.IOException: Cannot run program &quot;src/main/resources/geckodriver.exe&quot;: CreateProcess error=216, This version of %1 is not compatible with the version of Windows you&apos;re running. Check your computer&apos;s system information and then contact the software publisher
	at java.base/java.lang.ProcessBuilder.start(ProcessBuilder.java:1170)
	at java.base/java.lang.ProcessBuilder.start(ProcessBuilder.java:1089)
	at org.openqa.selenium.os.ExternalProcess$Builder.start(ExternalProcess.java:192)
	... 37 more
Caused by: java.io.IOException: CreateProcess error=216, This version of %1 is not compatible with the version of Windows you&apos;re running. Check your computer&apos;s system information and then contact the software publisher
	at java.base/java.lang.ProcessImpl.create(Native Method)
	at java.base/java.lang.ProcessImpl.&lt;init&gt;(ProcessImpl.java:500)
	at java.base/java.lang.ProcessImpl.start(ProcessImpl.java:159)
	at java.base/java.lang.ProcessBuilder.start(ProcessBuilder.java:1126)
	... 39 more
... Removed 19 stack frames
</div> <!-- stack-trace -->
                </div> <!-- method-content -->
              </div> <!-- method -->
              <div class="method">
                <div class="method-content">
                  <a name="negativeLoginTest(tomsmith, incorrectPassword, Your password is invalid!)">
                  </a> <!-- negativeLoginTest(tomsmith, incorrectPassword, Your password is invalid!) -->
                  <span class="method-name">negativeLoginTest</span>
                  <span class="parameters">(tomsmith,incorrectPassword,Your password is invalid!)</span>
                  <div class="stack-trace">org.openqa.selenium.SessionNotCreatedException: Could not start a new session. Possible causes are invalid address of the remote server or browser start-up failure. 
Host info: host: &apos;DESKTOP-82VC511&apos;, ip: &apos;192.168.170.1&apos;
Build info: version: &apos;4.23.0&apos;, revision: &apos;4df0a231af&apos;
System info: os.name: &apos;Windows 10&apos;, os.arch: &apos;amd64&apos;, os.version: &apos;10.0&apos;, java.version: &apos;22.0.1&apos;
Driver info: org.openqa.selenium.firefox.FirefoxDriver
Command: [null, newSession {capabilities=[Capabilities {acceptInsecureCerts: true, browserName: firefox, moz:debuggerAddress: true, moz:firefoxOptions: {prefs: {remote.active-protocols: 3}}}]}]
	at org.openqa.selenium.remote.RemoteWebDriver.execute(RemoteWebDriver.java:545)
	at org.openqa.selenium.remote.RemoteWebDriver.startSession(RemoteWebDriver.java:234)
	at org.openqa.selenium.remote.RemoteWebDriver.&lt;init&gt;(RemoteWebDriver.java:163)
	at org.openqa.selenium.firefox.FirefoxDriver.&lt;init&gt;(FirefoxDriver.java:155)
	at org.openqa.selenium.firefox.FirefoxDriver.&lt;init&gt;(FirefoxDriver.java:150)
	at org.openqa.selenium.firefox.FirefoxDriver.&lt;init&gt;(FirefoxDriver.java:132)
	at org.openqa.selenium.firefox.FirefoxDriver.&lt;init&gt;(FirefoxDriver.java:127)
	at org.openqa.selenium.firefox.FirefoxDriver.&lt;init&gt;(FirefoxDriver.java:112)
	at org.openqa.selenium.firefox.FirefoxDriver.&lt;init&gt;(FirefoxDriver.java:102)
	at com.herokuapp.theinternet.base.BrowserDriverFactory.createDriver(BrowserDriverFactory.java:28)
	at com.herokuapp.theinternet.base.BaseTest.setUp(BaseTest.java:24)
	at java.base/java.util.ArrayList.forEach(ArrayList.java:1597)
	at java.base/java.util.concurrent.FutureTask.run(FutureTask.java:317)
	at java.base/java.util.concurrent.ThreadPoolExecutor.runWorker(ThreadPoolExecutor.java:1144)
	at java.base/java.util.concurrent.ThreadPoolExecutor$Worker.run(ThreadPoolExecutor.java:642)
	at java.base/java.lang.Thread.run(Thread.java:1570)
Caused by: java.io.UncheckedIOException: java.io.IOException: Cannot run program &quot;src/main/resources/geckodriver.exe&quot;: CreateProcess error=216, This version of %1 is not compatible with the version of Windows you&apos;re running. Check your computer&apos;s system information and then contact the software publisher
	at org.openqa.selenium.os.ExternalProcess$Builder.start(ExternalProcess.java:194)
	at org.openqa.selenium.remote.service.DriverService.start(DriverService.java:207)
	at org.openqa.selenium.remote.service.DriverCommandExecutor.execute(DriverCommandExecutor.java:117)
	at org.openqa.selenium.remote.RemoteWebDriver.execute(RemoteWebDriver.java:527)
	... 34 more
Caused by: java.io.IOException: Cannot run program &quot;src/main/resources/geckodriver.exe&quot;: CreateProcess error=216, This version of %1 is not compatible with the version of Windows you&apos;re running. Check your computer&apos;s system information and then contact the software publisher
	at java.base/java.lang.ProcessBuilder.start(ProcessBuilder.java:1170)
	at java.base/java.lang.ProcessBuilder.start(ProcessBuilder.java:1089)
	at org.openqa.selenium.os.ExternalProcess$Builder.start(ExternalProcess.java:192)
	... 37 more
Caused by: java.io.IOException: CreateProcess error=216, This version of %1 is not compatible with the version of Windows you&apos;re running. Check your computer&apos;s system information and then contact the software publisher
	at java.base/java.lang.ProcessImpl.create(Native Method)
	at java.base/java.lang.ProcessImpl.&lt;init&gt;(ProcessImpl.java:500)
	at java.base/java.lang.ProcessImpl.start(ProcessImpl.java:159)
	at java.base/java.lang.ProcessBuilder.start(ProcessBuilder.java:1126)
	... 39 more
... Removed 19 stack frames
</div> <!-- stack-trace -->
                </div> <!-- method-content -->
              </div> <!-- method -->
            </div> <!-- main-panel-content rounded-window-bottom -->
          </div> <!-- suite-NegativeLogInTestSuite-class-skipped -->
          <div class="suite-NegativeLogInTestSuite-class-passed">
            <div class="main-panel-header rounded-window-top">
              <img src="passed.png"/>
              <span class="class-name">com.herokuapp.theinternet.loginpagetests.NegativeLogInTests</span>
            </div> <!-- main-panel-header rounded-window-top -->
            <div class="main-panel-content rounded-window-bottom">
              <div class="method">
                <div class="method-content">
                  <a name="negativeLoginTest(tomsmith, incorrectPassword, Your password is invalid!)">
                  </a> <!-- negativeLoginTest(tomsmith, incorrectPassword, Your password is invalid!) -->
                  <span class="method-name">negativeLoginTest</span>
                  <span class="parameters">(tomsmith,incorrectPassword,Your password is invalid!)</span>
                </div> <!-- method-content -->
              </div> <!-- method -->
              <div class="method">
                <div class="method-content">
                  <a name="negativeLoginTest(incorrectUsername, SuperSecretPassword!, Your username is invalid!)">
                  </a> <!-- negativeLoginTest(incorrectUsername, SuperSecretPassword!, Your username is invalid!) -->
                  <span class="method-name">negativeLoginTest</span>
                  <span class="parameters">(incorrectUsername,SuperSecretPassword!,Your username is invalid!)</span>
                </div> <!-- method-content -->
              </div> <!-- method -->
            </div> <!-- main-panel-content rounded-window-bottom -->
          </div> <!-- suite-NegativeLogInTestSuite-class-passed -->
        </div> <!-- panel NegativeLogInTestSuite -->
        <div panel-name="test-xml-NegativeLogInTestSuite" class="panel">
          <div class="main-panel-header rounded-window-top">
            <span class="header-content">C:\Users\danie\eclipse-workspace\advanced-selenium-webdrive\src\test\resources\TestSuites\NegativeTests.xml</span>
          </div> <!-- main-panel-header rounded-window-top -->
          <div class="main-panel-content rounded-window-bottom">
            <pre>
&lt;?xml version=&quot;1.0&quot; encoding=&quot;UTF-8&quot;?&gt;
&lt;!DOCTYPE suite SYSTEM &quot;https://testng.org/testng-1.0.dtd&quot;&gt;
&lt;suite thread-count=&quot;4&quot; parallel=&quot;tests&quot; name=&quot;NegativeLogInTestSuite&quot; guice-stage=&quot;DEVELOPMENT&quot;&gt;
  &lt;test thread-count=&quot;4&quot; parallel=&quot;tests&quot; name=&quot;NegativeUsernameTest-CH&quot;&gt;
    &lt;parameter name=&quot;password&quot; value=&quot;SuperSecretPassword!&quot;/&gt;
    &lt;parameter name=&quot;browser&quot; value=&quot;chrome&quot;/&gt;
    &lt;parameter name=&quot;expectedMessage&quot; value=&quot;Your username is invalid!&quot;/&gt;
    &lt;parameter name=&quot;username&quot; value=&quot;incorrectUsername&quot;/&gt;
    &lt;classes&gt;
      &lt;class name=&quot;com.herokuapp.theinternet.loginpagetests.NegativeLogInTests&quot;/&gt;
    &lt;/classes&gt;
  &lt;/test&gt; &lt;!-- NegativeUsernameTest-CH --&gt;
  &lt;test thread-count=&quot;4&quot; parallel=&quot;tests&quot; name=&quot;NegativeUsernameTest-FF&quot;&gt;
    &lt;parameter name=&quot;password&quot; value=&quot;SuperSecretPassword!&quot;/&gt;
    &lt;parameter name=&quot;browser&quot; value=&quot;firefox&quot;/&gt;
    &lt;parameter name=&quot;expectedMessage&quot; value=&quot;Your username is invalid!&quot;/&gt;
    &lt;parameter name=&quot;username&quot; value=&quot;incorrectUsername&quot;/&gt;
    &lt;classes&gt;
      &lt;class name=&quot;com.herokuapp.theinternet.loginpagetests.NegativeLogInTests&quot;/&gt;
    &lt;/classes&gt;
  &lt;/test&gt; &lt;!-- NegativeUsernameTest-FF --&gt;
  &lt;test thread-count=&quot;4&quot; parallel=&quot;tests&quot; name=&quot;NegativePasswordTest-CH&quot;&gt;
    &lt;parameter name=&quot;password&quot; value=&quot;incorrectPassword&quot;/&gt;
    &lt;parameter name=&quot;browser&quot; value=&quot;chrome&quot;/&gt;
    &lt;parameter name=&quot;expectedMessage&quot; value=&quot;Your password is invalid!&quot;/&gt;
    &lt;parameter name=&quot;username&quot; value=&quot;tomsmith&quot;/&gt;
    &lt;classes&gt;
      &lt;class name=&quot;com.herokuapp.theinternet.loginpagetests.NegativeLogInTests&quot;/&gt;
    &lt;/classes&gt;
  &lt;/test&gt; &lt;!-- NegativePasswordTest-CH --&gt;
  &lt;test thread-count=&quot;4&quot; parallel=&quot;tests&quot; name=&quot;NegativePasswordTest-FF&quot;&gt;
    &lt;parameter name=&quot;password&quot; value=&quot;incorrectPassword&quot;/&gt;
    &lt;parameter name=&quot;browser&quot; value=&quot;firefox&quot;/&gt;
    &lt;parameter name=&quot;expectedMessage&quot; value=&quot;Your password is invalid!&quot;/&gt;
    &lt;parameter name=&quot;username&quot; value=&quot;tomsmith&quot;/&gt;
    &lt;classes&gt;
      &lt;class name=&quot;com.herokuapp.theinternet.loginpagetests.NegativeLogInTests&quot;/&gt;
    &lt;/classes&gt;
  &lt;/test&gt; &lt;!-- NegativePasswordTest-FF --&gt;
&lt;/suite&gt; &lt;!-- NegativeLogInTestSuite --&gt;
            </pre>
          </div> <!-- main-panel-content rounded-window-bottom -->
        </div> <!-- panel -->
        <div panel-name="testlist-NegativeLogInTestSuite" class="panel">
          <div class="main-panel-header rounded-window-top">
            <span class="header-content">Tests for NegativeLogInTestSuite</span>
          </div> <!-- main-panel-header rounded-window-top -->
          <div class="main-panel-content rounded-window-bottom">
            <ul>
              <li>
                <span class="test-name">NegativeUsernameTest-CH (1 class)</span>
              </li>
              <li>
                <span class="test-name">NegativeUsernameTest-FF (1 class)</span>
              </li>
              <li>
                <span class="test-name">NegativePasswordTest-CH (1 class)</span>
              </li>
              <li>
                <span class="test-name">NegativePasswordTest-FF (1 class)</span>
              </li>
            </ul>
          </div> <!-- main-panel-content rounded-window-bottom -->
        </div> <!-- panel -->
        <div panel-name="group-NegativeLogInTestSuite" class="panel">
          <div class="main-panel-header rounded-window-top">
            <span class="header-content">Groups for NegativeLogInTestSuite</span>
          </div> <!-- main-panel-header rounded-window-top -->
          <div class="main-panel-content rounded-window-bottom">
            <div class="test-group">
              <span class="test-group-name">negativeTests</span>
              <br/>
              <div class="method-in-group">
                <span class="method-in-group-name">negativeLoginTest</span>
                <br/>
              </div> <!-- method-in-group -->
            </div> <!-- test-group -->
            <div class="test-group">
              <span class="test-group-name">smokeTests</span>
              <br/>
              <div class="method-in-group">
                <span class="method-in-group-name">negativeLoginTest</span>
                <br/>
              </div> <!-- method-in-group -->
            </div> <!-- test-group -->
          </div> <!-- main-panel-content rounded-window-bottom -->
        </div> <!-- panel -->
        <div panel-name="times-NegativeLogInTestSuite" class="panel">
          <div class="main-panel-header rounded-window-top">
            <span class="header-content">Times for NegativeLogInTestSuite</span>
          </div> <!-- main-panel-header rounded-window-top -->
          <div class="main-panel-content rounded-window-bottom">
            <div class="times-div">
              <script type="text/javascript">
suiteTableInitFunctions.push('tableData_NegativeLogInTestSuite');
function tableData_NegativeLogInTestSuite() {
var data = new google.visualization.DataTable();
data.addColumn('number', 'Number');
data.addColumn('string', 'Method');
data.addColumn('string', 'Class');
data.addColumn('number', 'Time (ms)');
data.addRows(4);
data.setCell(0, 0, 0)
data.setCell(0, 1, 'negativeLoginTest')
data.setCell(0, 2, 'com.herokuapp.theinternet.loginpagetests.NegativeLogInTests')
data.setCell(0, 3, 4435);
data.setCell(1, 0, 1)
data.setCell(1, 1, 'negativeLoginTest')
data.setCell(1, 2, 'com.herokuapp.theinternet.loginpagetests.NegativeLogInTests')
data.setCell(1, 3, 3874);
data.setCell(2, 0, 2)
data.setCell(2, 1, 'negativeLoginTest')
data.setCell(2, 2, 'com.herokuapp.theinternet.loginpagetests.NegativeLogInTests')
data.setCell(2, 3, 0);
data.setCell(3, 0, 3)
data.setCell(3, 1, 'negativeLoginTest')
data.setCell(3, 2, 'com.herokuapp.theinternet.loginpagetests.NegativeLogInTests')
data.setCell(3, 3, 0);
window.suiteTableData['NegativeLogInTestSuite']= { tableData: data, tableDiv: 'times-div-NegativeLogInTestSuite'}
return data;
}
              </script>
              <span class="suite-total-time">Total running time: 10 seconds</span>
              <div id="times-div-NegativeLogInTestSuite">
              </div> <!-- times-div-NegativeLogInTestSuite -->
            </div> <!-- times-div -->
          </div> <!-- main-panel-content rounded-window-bottom -->
        </div> <!-- panel -->
        <div panel-name="reporter-NegativeLogInTestSuite" class="panel">
          <div class="main-panel-header rounded-window-top">
            <span class="header-content">Reporter output for NegativeLogInTestSuite</span>
          </div> <!-- main-panel-header rounded-window-top -->
          <div class="main-panel-content rounded-window-bottom">
          </div> <!-- main-panel-content rounded-window-bottom -->
        </div> <!-- panel -->
        <div panel-name="ignored-methods-NegativeLogInTestSuite" class="panel">
          <div class="main-panel-header rounded-window-top">
            <span class="header-content">0 ignored methods</span>
          </div> <!-- main-panel-header rounded-window-top -->
          <div class="main-panel-content rounded-window-bottom">
          </div> <!-- main-panel-content rounded-window-bottom -->
        </div> <!-- panel -->
        <div panel-name="chronological-NegativeLogInTestSuite" class="panel">
          <div class="main-panel-header rounded-window-top">
            <span class="header-content">Methods in chronological order</span>
          </div> <!-- main-panel-header rounded-window-top -->
          <div class="main-panel-content rounded-window-bottom">
            <div class="chronological-class">
              <div class="chronological-class-name">com.herokuapp.theinternet.loginpagetests.NegativeLogInTests</div> <!-- chronological-class-name -->
              <div class="configuration-method before">
                <span class="method-name">setUp(chrome)</span>
                <span class="method-start">0 ms</span>
              </div> <!-- configuration-method before -->
              <div class="configuration-method before">
                <img src="failed.png">
                </img>
                <span class="method-name">setUp(firefox)</span>
                <span class="method-start">0 ms</span>
              </div> <!-- configuration-method before -->
              <div class="configuration-method before">
                <span class="method-name">setUp(chrome)</span>
                <span class="method-start">1 ms</span>
              </div> <!-- configuration-method before -->
              <div class="configuration-method before">
                <img src="failed.png">
                </img>
                <span class="method-name">setUp(firefox)</span>
                <span class="method-start">2 ms</span>
              </div> <!-- configuration-method before -->
              <div class="configuration-method after">
                <img src="failed.png">
                </img>
                <span class="method-name">tearDown</span>
                <span class="method-start">1117 ms</span>
              </div> <!-- configuration-method after -->
              <div class="configuration-method after">
                <img src="failed.png">
                </img>
                <span class="method-name">tearDown</span>
                <span class="method-start">1118 ms</span>
              </div> <!-- configuration-method after -->
              <div class="test-method">
                <span class="method-name">negativeLoginTest(incorrectUsername, SuperSecretPassword!, Your username is invalid!)</span>
                <span class="method-start">4612 ms</span>
              </div> <!-- test-method -->
              <div class="test-method">
                <span class="method-name">negativeLoginTest(tomsmith, incorrectPassword, Your password is invalid!)</span>
                <span class="method-start">5242 ms</span>
              </div> <!-- test-method -->
              <div class="configuration-method after">
                <span class="method-name">tearDown</span>
                <span class="method-start">9058 ms</span>
              </div> <!-- configuration-method after -->
              <div class="configuration-method after">
                <span class="method-name">tearDown</span>
                <span class="method-start">9175 ms</span>
              </div> <!-- configuration-method after -->
          </div> <!-- main-panel-content rounded-window-bottom -->
        </div> <!-- panel -->
      </div> <!-- main-panel-root -->
    </div> <!-- wrapper -->
  </body>
<script type="text/javascript" src="testng-reports2.js"></script>
</html>
