<?xml version="1.0" encoding="UTF-8"?>
<!-- Generated by org.testng.reporters.JUnitReportReporter -->
<testsuite hostname="DESKTOP-82VC511" failures="0" tests="1" name="com.herokuapp.theinternet.loginpagetests.PositiveLoginTests" time="8.894" errors="0" timestamp="2024-08-16T12:48:20 MST" skipped="0">
  <testcase classname="com.herokuapp.theinternet.loginpagetests.PositiveLoginTests" name="loginTest" time="8.894"/>
</testsuite> <!-- com.herokuapp.theinternet.loginpagetests.PositiveLoginTests -->
