<?xml version="1.0" encoding="UTF-8"?>
<!-- Generated by org.testng.reporters.JUnitReportReporter -->
<testsuite hostname="DESKTOP-82VC511" failures="0" tests="2" name="com.herokuapp.theinternet.NegativeTest" time="26.526" errors="0" timestamp="2024-08-05T16:57:41 MST" skipped="0">
  <testcase classname="com.herokuapp.theinternet.NegativeTest" name="incorrectUserNameTest" time="14.339"/>
  <testcase classname="com.herokuapp.theinternet.NegativeTest" name="incorrectPasswordTest" time="12.187"/>
</testsuite> <!-- com.herokuapp.theinternet.NegativeTest -->
