<?xml version="1.0" encoding="UTF-8"?>
<!-- Generated by org.testng.reporters.JUnitReportReporter -->
<testsuite hostname="DESKTOP-82VC511" failures="0" tests="2" name="com.herokuapp.theinternet.NegativeTests" time="28.423" errors="0" timestamp="2024-08-07T23:12:48 MST" skipped="0">
  <testcase classname="com.herokuapp.theinternet.NegativeTests" name="negativeLoginTest" time="15.422"/>
  <testcase classname="com.herokuapp.theinternet.NegativeTests" name="negativeLoginTest" time="13.001"/>
</testsuite> <!-- com.herokuapp.theinternet.NegativeTests -->
